#
# A fatal error has been detected by the Java Runtime Environment:
#
#  Internal Error (javaClasses.cpp:129), pid=18482, tid=3059972928
#  fatal error: Invalid layout of preloaded class
#
# JRE version: 7.0_25-b30
# Java VM: OpenJDK Server VM (23.7-b01 mixed mode linux-x86 )
# Failed to write core dump. Core dumps have been disabled. To enable core dumping, try "ulimit -c unlimited" before starting Java again
#
# If you would like to submit a bug report, please include
# instructions on how to reproduce the bug and visit:
#   https://bugs.launchpad.net/ubuntu/+source/openjdk-7/
#

---------------  T H R E A D  ---------------

Current thread (0xb6406800):  JavaThread "Unknown thread" [_thread_in_vm, id=18487, stack(0xb65e7000,0xb6638000)]

Stack: [0xb65e7000,0xb6638000]
[error occurred during error reporting (printing stack bounds), id 0xb]


[error occurred during error reporting (printing native stack), id 0xb]


---------------  P R O C E S S  ---------------

Java Threads: ( => current thread )

Other Threads:

=>0xb6406800 (exited) JavaThread "Unknown thread" [_thread_in_vm, id=18487, stack(0xb65e7000,0xb6638000)]

VM state:not at safepoint (not fully initialized)

VM Mutex/Monitor currently owned by a thread: None

GC Heap History (0 events):
No events

Deoptimization events (0 events):
No events

Internal exceptions (0 events):
No events

Events (10 events):
Event: 0.009 loading class 0xb6431840 done
Event: 0.009 loading class 0xb6431180 done
Event: 0.009 loading class 0xb6431158
Event: 0.009 loading class 0xb64511a0
Event: 0.010 loading class 0xb64511a0 done
Event: 0.010 loading class 0xb64511d8
Event: 0.010 loading class 0xb64511d8 done
Event: 0.010 loading class 0xb6451210
Event: 0.010 loading class 0xb6451210 done
Event: 0.010 loading class 0xb6431158 done


Dynamic libraries:
08048000-08049000 r-xp 00000000 08:01 12594118   /usr/lib/jvm/java-7-openjdk-i386/jre/bin/java
08049000-0804a000 r--p 00000000 08:01 12594118   /usr/lib/jvm/java-7-openjdk-i386/jre/bin/java
0804a000-0804b000 rw-p 00001000 08:01 12594118   /usr/lib/jvm/java-7-openjdk-i386/jre/bin/java
09aa5000-09ac6000 rw-p 00000000 00:00 0          [heap]
79c48000-79d12000 r--s 011ad000 08:01 11417517   /home/manu/android-sdks/platforms/android-18/android.jar
79d12000-7c100000 rw-p 00000000 00:00 0 
7c100000-7c121000 rw-p 00000000 00:00 0 
7c121000-7c200000 ---p 00000000 00:00 0 
7c27f000-7c280000 ---p 00000000 00:00 0 
7c280000-7c300000 rw-p 00000000 00:00 0          [stack:18489]
7c300000-7c321000 rw-p 00000000 00:00 0 
7c321000-7c400000 ---p 00000000 00:00 0 
7c40e000-7c40f000 ---p 00000000 00:00 0 
7c40f000-7c49f000 rw-p 00000000 00:00 0          [stack:18488]
7c49f000-7c589000 rw-p 00000000 00:00 0 
7c589000-7c591000 rw-p 00000000 00:00 0 
7c591000-7c5c9000 rw-p 00000000 00:00 0 
7c5c9000-7c5d9000 rw-p 00000000 00:00 0 
7c5d9000-7c6c2000 rw-p 00000000 00:00 0 
7c6c2000-7c6cb000 rw-p 00000000 00:00 0 
7c6cb000-7c73f000 rw-p 00000000 00:00 0 
7c73f000-7d740000 rw-p 00000000 00:00 0 
7d740000-84740000 rw-p 00000000 00:00 0 
84740000-86670000 rw-p 00000000 00:00 0 
86670000-a39f0000 rw-p 00000000 00:00 0 
a39f0000-a4980000 rw-p 00000000 00:00 0 
a4980000-b3340000 rw-p 00000000 00:00 0 
b3340000-b3349000 rw-p 00000000 00:00 0 
b3349000-b3400000 rw-p 00000000 00:00 0 
b3400000-b3640000 rwxp 00000000 00:00 0 
b3640000-b645b000 rw-p 00000000 00:00 0 
b645b000-b6500000 ---p 00000000 00:00 0 
b6501000-b652e000 rw-p 00000000 00:00 0 
b652e000-b6566000 rw-p 00000000 00:00 0 
b6566000-b6571000 r-xp 00000000 08:01 9307022    /lib/i386-linux-gnu/libnss_files-2.17.so
b6571000-b6572000 r--p 0000a000 08:01 9307022    /lib/i386-linux-gnu/libnss_files-2.17.so
b6572000-b6573000 rw-p 0000b000 08:01 9307022    /lib/i386-linux-gnu/libnss_files-2.17.so
b6573000-b657d000 r-xp 00000000 08:01 9307026    /lib/i386-linux-gnu/libnss_nis-2.17.so
b657d000-b657e000 r--p 00009000 08:01 9307026    /lib/i386-linux-gnu/libnss_nis-2.17.so
b657e000-b657f000 rw-p 0000a000 08:01 9307026    /lib/i386-linux-gnu/libnss_nis-2.17.so
b657f000-b6594000 r-xp 00000000 08:01 9307016    /lib/i386-linux-gnu/libnsl-2.17.so
b6594000-b6595000 r--p 00014000 08:01 9307016    /lib/i386-linux-gnu/libnsl-2.17.so
b6595000-b6596000 rw-p 00015000 08:01 9307016    /lib/i386-linux-gnu/libnsl-2.17.so
b6596000-b6598000 rw-p 00000000 00:00 0 
b6598000-b659f000 r-xp 00000000 08:01 9307018    /lib/i386-linux-gnu/libnss_compat-2.17.so
b659f000-b65a0000 r--p 00006000 08:01 9307018    /lib/i386-linux-gnu/libnss_compat-2.17.so
b65a0000-b65a1000 rw-p 00007000 08:01 9307018    /lib/i386-linux-gnu/libnss_compat-2.17.so
b65a3000-b65ab000 r-xp 00000000 08:01 12594160   /usr/lib/jvm/java-7-openjdk-i386/jre/lib/i386/libzip.so
b65ab000-b65ac000 r--p 00007000 08:01 12594160   /usr/lib/jvm/java-7-openjdk-i386/jre/lib/i386/libzip.so
b65ac000-b65ad000 rw-p 00008000 08:01 12594160   /usr/lib/jvm/java-7-openjdk-i386/jre/lib/i386/libzip.so
b65ad000-b65b5000 rw-s 00000000 08:01 4980822    /tmp/hsperfdata_manu/18482
b65b5000-b65dc000 r-xp 00000000 08:01 12594186   /usr/lib/jvm/java-7-openjdk-i386/jre/lib/i386/libjava.so
b65dc000-b65dd000 r--p 00026000 08:01 12594186   /usr/lib/jvm/java-7-openjdk-i386/jre/lib/i386/libjava.so
b65dd000-b65de000 rw-p 00027000 08:01 12594186   /usr/lib/jvm/java-7-openjdk-i386/jre/lib/i386/libjava.so
b65de000-b65e5000 r-xp 00000000 08:01 9307069    /lib/i386-linux-gnu/librt-2.17.so
b65e5000-b65e6000 r--p 00006000 08:01 9307069    /lib/i386-linux-gnu/librt-2.17.so
b65e6000-b65e7000 rw-p 00007000 08:01 9307069    /lib/i386-linux-gnu/librt-2.17.so
b65e7000-b65ea000 ---p 00000000 00:00 0 
b65ea000-b6638000 rw-p 00000000 00:00 0          [stack:18487]
b6638000-b6653000 r-xp 00000000 08:01 9306974    /lib/i386-linux-gnu/libgcc_s.so.1
b6653000-b6654000 r--p 0001a000 08:01 9306974    /lib/i386-linux-gnu/libgcc_s.so.1
b6654000-b6655000 rw-p 0001b000 08:01 9306974    /lib/i386-linux-gnu/libgcc_s.so.1
b6655000-b6696000 r-xp 00000000 08:01 9306997    /lib/i386-linux-gnu/libm-2.17.so
b6696000-b6697000 r--p 00040000 08:01 9306997    /lib/i386-linux-gnu/libm-2.17.so
b6697000-b6698000 rw-p 00041000 08:01 9306997    /lib/i386-linux-gnu/libm-2.17.so
b6698000-b6774000 r-xp 00000000 08:01 11540238   /usr/lib/i386-linux-gnu/libstdc++.so.6.0.17
b6774000-b6775000 ---p 000dc000 08:01 11540238   /usr/lib/i386-linux-gnu/libstdc++.so.6.0.17
b6775000-b6779000 r--p 000dc000 08:01 11540238   /usr/lib/i386-linux-gnu/libstdc++.so.6.0.17
b6779000-b677a000 rw-p 000e0000 08:01 11540238   /usr/lib/i386-linux-gnu/libstdc++.so.6.0.17
b677a000-b6781000 rw-p 00000000 00:00 0 
b6781000-b7072000 r-xp 00000000 08:01 12594163   /usr/lib/jvm/java-7-openjdk-i386/jre/lib/i386/server/libjvm.so
b7072000-b70b9000 r--p 008f1000 08:01 12594163   /usr/lib/jvm/java-7-openjdk-i386/jre/lib/i386/server/libjvm.so
b70b9000-b70cd000 rw-p 00938000 08:01 12594163   /usr/lib/jvm/java-7-openjdk-i386/jre/lib/i386/server/libjvm.so
b70cd000-b74eb000 rw-p 00000000 00:00 0 
b74eb000-b7502000 r-xp 00000000 08:01 9307102    /lib/i386-linux-gnu/libz.so.1.2.7
b7502000-b7503000 r--p 00016000 08:01 9307102    /lib/i386-linux-gnu/libz.so.1.2.7
b7503000-b7504000 rw-p 00017000 08:01 9307102    /lib/i386-linux-gnu/libz.so.1.2.7
b7504000-b751b000 r-xp 00000000 08:01 9307061    /lib/i386-linux-gnu/libpthread-2.17.so
b751b000-b751c000 r--p 00016000 08:01 9307061    /lib/i386-linux-gnu/libpthread-2.17.so
b751c000-b751d000 rw-p 00017000 08:01 9307061    /lib/i386-linux-gnu/libpthread-2.17.so
b751d000-b751f000 rw-p 00000000 00:00 0 
b751f000-b7522000 r-xp 00000000 08:01 9306964    /lib/i386-linux-gnu/libdl-2.17.so
b7522000-b7523000 r--p 00002000 08:01 9306964    /lib/i386-linux-gnu/libdl-2.17.so
b7523000-b7524000 rw-p 00003000 08:01 9306964    /lib/i386-linux-gnu/libdl-2.17.so
b7524000-b76d1000 r-xp 00000000 08:01 9306949    /lib/i386-linux-gnu/libc-2.17.so
b76d1000-b76d3000 r--p 001ad000 08:01 9306949    /lib/i386-linux-gnu/libc-2.17.so
b76d3000-b76d4000 rw-p 001af000 08:01 9306949    /lib/i386-linux-gnu/libc-2.17.so
b76d4000-b76d7000 rw-p 00000000 00:00 0 
b76da000-b76db000 rw-p 00000000 00:00 0 
b76db000-b76dc000 r--p 00000000 00:00 0 
b76dc000-b76e9000 r-xp 00000000 08:01 12594170   /usr/lib/jvm/java-7-openjdk-i386/jre/lib/i386/libverify.so
b76e9000-b76ea000 r--p 0000d000 08:01 12594170   /usr/lib/jvm/java-7-openjdk-i386/jre/lib/i386/libverify.so
b76ea000-b76eb000 rw-p 0000e000 08:01 12594170   /usr/lib/jvm/java-7-openjdk-i386/jre/lib/i386/libverify.so
b76eb000-b76f8000 r-xp 00000000 08:01 12594180   /usr/lib/jvm/java-7-openjdk-i386/jre/lib/i386/jli/libjli.so
b76f8000-b76f9000 r--p 0000c000 08:01 12594180   /usr/lib/jvm/java-7-openjdk-i386/jre/lib/i386/jli/libjli.so
b76f9000-b76fa000 rw-p 0000d000 08:01 12594180   /usr/lib/jvm/java-7-openjdk-i386/jre/lib/i386/jli/libjli.so
b76fa000-b76fd000 rw-p 00000000 00:00 0 
b76fd000-b76fe000 r-xp 00000000 00:00 0          [vdso]
b76fe000-b771e000 r-xp 00000000 08:01 9306925    /lib/i386-linux-gnu/ld-2.17.so
b771e000-b771f000 r--p 0001f000 08:01 9306925    /lib/i386-linux-gnu/ld-2.17.so
b771f000-b7720000 rw-p 00020000 08:01 9306925    /lib/i386-linux-gnu/ld-2.17.so
bf9fe000-bfa1f000 rw-p 00000000 00:00 0          [stack]

VM Arguments:
jvm_args: -Dfile.encoding=UTF-8 -Xbootclasspath:/home/manu/android-sdks/platforms/android-18/android.jar 
java_command: HashMaps
Launcher Type: SUN_STANDARD

Environment Variables:
PATH=/usr/lib/lightdm/lightdm:/usr/local/sbin:/usr/local/bin:/usr/sbin:/usr/bin:/sbin:/bin:/usr/games:/usr/local/games
LD_LIBRARY_PATH=/usr/lib/jvm/java-7-openjdk-i386/jre/lib/i386/server:/usr/lib/jvm/java-7-openjdk-i386/jre/lib/i386:/usr/lib/jvm/java-7-openjdk-i386/jre/../lib/i386:/usr/lib/jvm/java-7-openjdk-i386/jre/lib/i386/client:/usr/lib/jvm/java-7-openjdk-i386/jre/lib/i386:
SHELL=/bin/bash
DISPLAY=:0.0

Signal Handlers:
SIGSEGV: [libjvm.so+0x758d30], sa_mask[0]=0x7ffbfeff, sa_flags=0x10000004
SIGBUS: [libjvm.so+0x758d30], sa_mask[0]=0x7ffbfeff, sa_flags=0x10000004
SIGFPE: [libjvm.so+0x5f4230], sa_mask[0]=0x7ffbfeff, sa_flags=0x10000004
SIGPIPE: [libjvm.so+0x5f4230], sa_mask[0]=0x7ffbfeff, sa_flags=0x10000004
SIGXFSZ: [libjvm.so+0x5f4230], sa_mask[0]=0x7ffbfeff, sa_flags=0x10000004
SIGILL: [libjvm.so+0x5f4230], sa_mask[0]=0x7ffbfeff, sa_flags=0x10000004
SIGUSR1: SIG_DFL, sa_mask[0]=0x00000000, sa_flags=0x00000000
SIGUSR2: [libjvm.so+0x5f40e0], sa_mask[0]=0x00000004, sa_flags=0x10000004
SIGHUP: SIG_DFL, sa_mask[0]=0x00000000, sa_flags=0x00000000
SIGINT: SIG_DFL, sa_mask[0]=0x00000000, sa_flags=0x00000000
SIGTERM: SIG_DFL, sa_mask[0]=0x00000000, sa_flags=0x00000000
SIGQUIT: SIG_DFL, sa_mask[0]=0x00000000, sa_flags=0x00000000


---------------  S Y S T E M  ---------------

OS:Ubuntu 13.04 (raring)
uname:Linux 3.8.0-19-generic #30-Ubuntu SMP Wed May 1 16:36:13 UTC 2013 i686
libc:glibc 2.17 NPTL 2.17 
rlimit: STACK 8192k, CORE 0k, NPROC 23807, NOFILE 4096, AS infinity
load average:0.42 0.40 0.50

/proc/meminfo:
MemTotal:        3063800 kB
MemFree:          215204 kB
Buffers:           25156 kB
Cached:          1089004 kB
SwapCached:       110584 kB
Active:          1742504 kB
Inactive:        1007540 kB
Active(anon):    1404364 kB
Inactive(anon):   670280 kB
Active(file):     338140 kB
Inactive(file):   337260 kB
Unevictable:          16 kB
Mlocked:              16 kB
HighTotal:       2192376 kB
HighFree:          55412 kB
LowTotal:         871424 kB
LowFree:          159792 kB
SwapTotal:      68358140 kB
SwapFree:       68193008 kB
Dirty:               252 kB
Writeback:             0 kB
AnonPages:       1525472 kB
Mapped:           130140 kB
Shmem:            438760 kB
Slab:              46620 kB
SReclaimable:      28504 kB
SUnreclaim:        18116 kB
KernelStack:        4344 kB
PageTables:        13200 kB
NFS_Unstable:          0 kB
Bounce:                0 kB
WritebackTmp:          0 kB
CommitLimit:    69890040 kB
Committed_AS:    6106164 kB
VmallocTotal:     122880 kB
VmallocUsed:       34468 kB
VmallocChunk:      85492 kB
HardwareCorrupted:     0 kB
AnonHugePages:         0 kB
HugePages_Total:       0
HugePages_Free:        0
HugePages_Rsvd:        0
HugePages_Surp:        0
Hugepagesize:       2048 kB
DirectMap4k:       10232 kB
DirectMap2M:      903168 kB


CPU:total 2 (2 cores per cpu, 1 threads per core) family 6 model 23 stepping 10, cmov, cx8, fxsr, mmx, sse, sse2, sse3, ssse3, sse4.1, tsc

/proc/cpuinfo:
processor	: 0
vendor_id	: GenuineIntel
cpu family	: 6
model		: 23
model name	: Intel(R) Core(TM)2 Duo CPU     T6600  @ 2.20GHz
stepping	: 10
microcode	: 0xa07
cpu MHz		: 2200.000
cache size	: 2048 KB
physical id	: 0
siblings	: 2
core id		: 0
cpu cores	: 2
apicid		: 0
initial apicid	: 0
fdiv_bug	: no
hlt_bug		: no
f00f_bug	: no
coma_bug	: no
fpu		: yes
fpu_exception	: yes
cpuid level	: 13
wp		: yes
flags		: fpu vme de pse tsc msr pae mce cx8 apic sep mtrr pge mca cmov pat pse36 clflush dts acpi mmx fxsr sse sse2 ss ht tm pbe nx lm constant_tsc arch_perfmon pebs bts aperfmperf pni dtes64 monitor ds_cpl est tm2 ssse3 cx16 xtpr pdcm sse4_1 xsave lahf_lm dtherm
bogomips	: 4389.00
clflush size	: 64
cache_alignment	: 64
address sizes	: 36 bits physical, 48 bits virtual
power management:

processor	: 1
vendor_id	: GenuineIntel
cpu family	: 6
model		: 23
model name	: Intel(R) Core(TM)2 Duo CPU     T6600  @ 2.20GHz
stepping	: 10
microcode	: 0xa07
cpu MHz		: 2200.000
cache size	: 2048 KB
physical id	: 0
siblings	: 2
core id		: 1
cpu cores	: 2
apicid		: 1
initial apicid	: 1
fdiv_bug	: no
hlt_bug		: no
f00f_bug	: no
coma_bug	: no
fpu		: yes
fpu_exception	: yes
cpuid level	: 13
wp		: yes
flags		: fpu vme de pse tsc msr pae mce cx8 apic sep mtrr pge mca cmov pat pse36 clflush dts acpi mmx fxsr sse sse2 ss ht tm pbe nx lm constant_tsc arch_perfmon pebs bts aperfmperf pni dtes64 monitor ds_cpl est tm2 ssse3 cx16 xtpr pdcm sse4_1 xsave lahf_lm dtherm
bogomips	: 4389.00
clflush size	: 64
cache_alignment	: 64
address sizes	: 36 bits physical, 48 bits virtual
power management:



Memory: 4k page, physical 3063800k(215204k free), swap 68358140k(68193008k free)

vm_info: OpenJDK Server VM (23.7-b01) for linux-x86 JRE (1.7.0_25-b30), built on Jul  3 2013 13:58:32 by "buildd" with gcc 4.7.3

time: Sun Nov  3 01:19:48 2013
elapsed time: 0 seconds

